Build started 23/02/2015 20:33:13.
     1>Project "E:\Dropbox\Year 3\Gaming Simulations\Coursework\GameSim\GameSim\GameSim.vcxproj" on node 2 (Build target(s)).
     1>ClCompile:
         C:\Program Files (x86)\Microsoft Visual Studio 12.0\VC\bin\CL.exe /c /ZI /nologo /W3 /WX- /sdl /Od /Oy- /D _MBCS /Gm /EHsc /RTC1 /MDd /GS /fp:precise /Zc:wchar_t /Zc:forScope /Fo"Debug\\" /Fd"Debug\vc120.pdb" /Gd /TP /analyze- /errorReport:prompt Plane.cpp
         Plane.cpp
     1>e:\dropbox\year 3\gaming simulations\coursework\gamesim\gamesim\plane.cpp(44): error C2228: left of '.Normalize' must have class/struct/union
                 type is 'float'
     1>Done Building Project "E:\Dropbox\Year 3\Gaming Simulations\Coursework\GameSim\GameSim\GameSim.vcxproj" (Build target(s)) -- FAILED.

Build FAILED.

Time Elapsed 00:00:00.61
